TN:
SF:script/Deploy.s.sol
FN:130,DeployScript.setUp
FNDA:0,DeployScript.setUp
FN:132,DeployScript.run
FNDA:0,DeployScript.run
DA:133,0
DA:136,0
DA:137,0
DA:140,0
DA:141,0
DA:142,0
DA:143,0
DA:144,0
DA:147,0
BRDA:147,0,0,-
DA:148,0
DA:151,0
DA:160,0
DA:162,0
DA:163,0
DA:171,0
DA:173,0
FN:184,DeployScript._logDeploymentSettings
FNDA:0,DeployScript._logDeploymentSettings
DA:192,0
DA:193,0
DA:194,0
DA:195,0
DA:196,0
DA:197,0
DA:198,0
DA:199,0
DA:200,0
DA:201,0
FN:204,DeployScript._logDeploymentSummary
FNDA:0,DeployScript._logDeploymentSummary
DA:213,0
DA:214,0
DA:215,0
DA:216,0
DA:217,0
DA:218,0
DA:219,0
DA:220,0
DA:221,0
DA:222,0
DA:223,0
FN:226,DeployScript._showGitRevision
FNDA:0,DeployScript._showGitRevision
DA:227,0
DA:228,0
DA:229,0
DA:230,0
DA:231,0
DA:232,0
DA:233,0
DA:234,0
FNF:5
FNH:0
LF:45
LH:0
BRF:1
BRH:0
end_of_record
TN:
SF:script/DeployMockToken.s.sol
FN:19,DeployScript.run
FNDA:0,DeployScript.run
DA:20,0
DA:21,0
DA:23,0
DA:25,0
DA:27,0
DA:28,0
DA:29,0
DA:31,0
FNF:1
FNH:0
LF:8
LH:0
BRF:0
BRH:0
end_of_record
TN:
SF:script/utils/CreateProgram.s.sol
FN:15,CreateProgram.setUp
FNDA:0,CreateProgram.setUp
FN:17,CreateProgram.run
FNDA:0,CreateProgram.run
DA:18,0
DA:19,0
DA:21,0
DA:22,0
DA:23,0
DA:24,0
DA:26,0
DA:28,0
FNF:2
FNH:0
LF:8
LH:0
BRF:0
BRH:0
end_of_record
TN:
SF:script/utils/GenerateSignature.s.sol
FN:13,GenerateSignature.setUp
FNDA:0,GenerateSignature.setUp
DA:14,0
FN:17,GenerateSignature.run
FNDA:0,GenerateSignature.run
DA:18,0
DA:19,0
DA:20,0
DA:21,0
DA:23,0
FN:26,GenerateSignature._generateSignature
FNDA:0,GenerateSignature._generateSignature
DA:30,0
DA:32,0
DA:34,0
DA:35,0
DA:37,0
DA:38,0
DA:39,0
DA:41,0
DA:42,0
DA:43,0
DA:45,0
DA:46,0
DA:47,0
DA:49,0
DA:50,0
DA:51,0
DA:53,0
DA:54,0
DA:55,0
FNF:3
FNH:0
LF:25
LH:0
BRF:0
BRH:0
end_of_record
TN:
SF:script/utils/UpdateProgramSigner.s.sol
FN:10,UpdateProgramSigner.run
FNDA:0,UpdateProgramSigner.run
DA:11,0
DA:12,0
DA:14,0
DA:16,0
DA:17,0
DA:18,0
DA:19,0
DA:21,0
DA:22,0
DA:23,0
FNF:1
FNH:0
LF:10
LH:0
BRF:0
BRH:0
end_of_record
TN:
SF:src/EPProgramManager.sol
FN:55,EPProgramManager.createProgram
FNDA:3728,EPProgramManager.createProgram
DA:61,3728
BRDA:61,0,0,260
DA:62,3468
BRDA:62,1,0,260
DA:63,3208
BRDA:63,2,0,260
DA:64,2948
BRDA:64,3,0,260
DA:65,2688
BRDA:65,4,0,260
DA:66,260
DA:70,2428
DA:74,2428
DA:77,2428
DA:84,2428
FN:90,EPProgramManager.updateProgramSigner
FNDA:2080,EPProgramManager.updateProgramSigner
DA:95,1040
BRDA:95,5,0,520
DA:98,520
DA:100,520
FN:104,EPProgramManager.updateUnits
FNDA:4680,EPProgramManager.updateUnits
DA:105,4680
FN:109,EPProgramManager.batchUpdateUnits
FNDA:1300,EPProgramManager.batchUpdateUnits
DA:115,1300
FN:119,EPProgramManager.updateUserUnits
FNDA:520,EPProgramManager.updateUserUnits
DA:127,9070
BRDA:127,6,0,520
DA:128,8550
BRDA:128,7,0,520
DA:129,520
DA:133,8030
BRDA:133,8,0,520
DA:134,520
DA:136,7510
DA:138,7510
DA:141,7510
BRDA:141,9,0,520
DA:142,520
DA:146,6990
DA:148,6730
FN:152,EPProgramManager.batchUpdateUserUnits
FNDA:520,EPProgramManager.batchUpdateUserUnits
DA:159,1820
DA:161,1820
BRDA:161,10,0,260
DA:162,1560
BRDA:162,11,0,520
DA:163,520
DA:166,1040
DA:167,3870
FN:178,EPProgramManager.getProgramPool
FNDA:8840,EPProgramManager.getProgramPool
DA:179,8840
FN:183,EPProgramManager.getNextValidNonce
FNDA:8030,EPProgramManager.getNextValidNonce
DA:184,8030
FN:200,EPProgramManager._poolUpdate
FNDA:1388,EPProgramManager._poolUpdate
DA:201,1388
FN:212,EPProgramManager._isNonceValid
FNDA:8030,EPProgramManager._isNonceValid
DA:213,8030
FN:226,EPProgramManager._verifySignature
FNDA:7510,EPProgramManager._verifySignature
DA:234,7510
DA:236,7510
FN:249,EPProgramManager.programExists
FNDA:2080,EPProgramManager.programExists
DA:250,2080
BRDA:250,12,0,520
DA:251,520
FN:260,EPProgramManager.onlyProgramAdmin
FNDA:1560,EPProgramManager.onlyProgramAdmin
DA:261,1560
BRDA:261,13,0,520
DA:262,520
FNF:13
FNH:13
LF:42
LH:42
BRF:14
BRH:14
end_of_record
TN:
SF:src/FluidEPProgramManager.sol
FN:117,FluidEPProgramManager.
FNDA:43,FluidEPProgramManager.
DA:118,43
DA:119,43
FN:130,FluidEPProgramManager.createProgram
FNDA:5130,FluidEPProgramManager.createProgram
DA:137,5130
BRDA:137,0,0,260
DA:138,4870
BRDA:138,1,0,260
DA:139,4610
BRDA:139,2,0,260
DA:140,4350
BRDA:140,3,0,260
DA:141,4090
BRDA:141,4,0,260
DA:142,260
DA:146,3830
DA:150,3830
DA:153,3830
DA:160,3830
FN:169,FluidEPProgramManager.cancelProgram
FNDA:520,FluidEPProgramManager.cancelProgram
DA:170,260
DA:171,260
DA:174,260
BRDA:174,5,0,-
DA:176,260
DA:178,260
DA:179,260
DA:181,260
BRDA:181,6,0,260
DA:182,260
DA:184,260
DA:188,260
DA:190,260
BRDA:190,7,0,260
DA:192,260
DA:195,260
DA:198,260
BRDA:198,8,0,260
DA:200,260
DA:204,260
FN:213,FluidEPProgramManager.startFunding
FNDA:1820,FluidEPProgramManager.startFunding
DA:214,1820
DA:217,1820
DA:218,1820
DA:221,1820
DA:222,1820
DA:224,1820
DA:225,1820
DA:227,1820
DA:228,1820
DA:231,1820
DA:240,1820
DA:243,1820
DA:245,1820
BRDA:245,9,0,1300
DA:246,1300
DA:251,1300
DA:254,1300
DA:257,1300
FN:265,FluidEPProgramManager.stopFunding
FNDA:1040,FluidEPProgramManager.stopFunding
DA:266,1040
DA:267,1040
DA:270,1040
BRDA:270,10,0,-
DA:272,1040
DA:275,1040
BRDA:275,11,0,520
DA:276,520
DA:279,520
DA:280,520
DA:283,520
BRDA:283,12,0,520
DA:284,520
DA:286,520
DA:291,520
DA:293,520
BRDA:293,13,0,260
DA:295,260
DA:298,260
DA:301,520
BRDA:301,14,0,520
DA:303,520
DA:306,520
BRDA:306,15,0,260
DA:308,260
DA:314,520
FN:322,FluidEPProgramManager.setLockerFactory
FNDA:563,FluidEPProgramManager.setLockerFactory
DA:324,563
BRDA:324,16,0,260
DA:325,303
FN:333,FluidEPProgramManager.setTreasury
FNDA:520,FluidEPProgramManager.setTreasury
DA:335,520
BRDA:335,17,0,260
DA:336,260
FN:344,FluidEPProgramManager.setSubsidyRate
FNDA:1820,FluidEPProgramManager.setSubsidyRate
DA:346,1820
BRDA:346,18,0,260
DA:347,1560
FN:355,FluidEPProgramManager.emergencyWithdraw
FNDA:260,FluidEPProgramManager.emergencyWithdraw
DA:356,260
FN:371,FluidEPProgramManager._poolUpdate
FNDA:5602,FluidEPProgramManager._poolUpdate
DA:373,5602
DA:376,5602
BRDA:376,19,0,260
DA:379,5342
FN:388,FluidEPProgramManager._createOrUpdateSubsidyFlow
FNDA:1300,FluidEPProgramManager._createOrUpdateSubsidyFlow
DA:393,1300
DA:396,1300
DA:399,1300
BRDA:399,20,0,1040
BRDA:399,20,1,260
DA:400,1040
DA:402,260
FN:412,FluidEPProgramManager._deleteOrUpdateSubsidyFlow
FNDA:520,FluidEPProgramManager._deleteOrUpdateSubsidyFlow
DA:417,520
DA:420,520
BRDA:420,21,0,520
BRDA:420,21,1,-
DA:421,520
DA:422,520
DA:424,0
DA:425,0
FN:429,FluidEPProgramManager._calculateBuffer
FNDA:1300,FluidEPProgramManager._calculateBuffer
DA:430,1300
FNF:13
FNH:13
LF:87
LH:85
BRF:24
BRH:21
end_of_record
TN:
SF:src/FluidLocker.sol
FN:117,FluidLocker.
FNDA:49,FluidLocker.
DA:126,49
DA:129,49
DA:130,49
DA:131,49
DA:132,49
DA:133,49
DA:136,49
FN:143,FluidLocker.initialize
FNDA:842,FluidLocker.initialize
DA:145,582
FN:155,FluidLocker.claim
FNDA:520,FluidLocker.claim
DA:160,520
DA:162,520
BRDA:162,0,0,520
DA:164,520
DA:167,520
DA:169,520
FN:173,FluidLocker.claim
FNDA:520,FluidLocker.claim
DA:179,520
DA:181,1560
DA:183,1560
BRDA:183,1,0,1560
DA:185,1560
DA:189,520
DA:191,520
FN:195,FluidLocker.lock
FNDA:520,FluidLocker.lock
DA:197,520
DA:199,520
FN:203,FluidLocker.unlock
FNDA:1306,FluidLocker.unlock
DA:205,1044
BRDA:205,2,0,520
DA:206,520
DA:209,524
BRDA:209,3,0,1
DA:210,1
DA:214,523
DA:217,523
BRDA:217,4,0,1
DA:219,522
BRDA:219,5,0,2
BRDA:219,5,1,520
DA:220,2
DA:222,520
FN:227,FluidLocker.stake
FNDA:2088,FluidLocker.stake
DA:228,2087
DA:230,2087
BRDA:230,6,0,2
DA:232,2085
BRDA:232,7,0,2085
DA:234,2085
DA:238,2085
DA:241,2085
DA:244,2085
DA:246,2085
FN:250,FluidLocker.unstake
FNDA:3,FluidLocker.unstake
DA:251,3
BRDA:251,8,0,1
DA:252,1
DA:256,2
BRDA:256,9,0,1
DA:259,1
DA:262,1
DA:265,1
DA:267,1
FN:277,FluidLocker.getFlowRatePerProgram
FNDA:520,FluidLocker.getFlowRatePerProgram
DA:279,2080
DA:282,2080
FN:286,FluidLocker.getFlowRatePerProgram
FNDA:520,FluidLocker.getFlowRatePerProgram
DA:287,520
DA:289,520
DA:290,1560
FN:295,FluidLocker.getUnitsPerProgram
FNDA:520,FluidLocker.getUnitsPerProgram
DA:297,2080
DA:300,2080
FN:304,FluidLocker.getUnitsPerProgram
FNDA:520,FluidLocker.getUnitsPerProgram
DA:305,520
DA:307,520
DA:308,1560
FN:313,FluidLocker.getStakedBalance
FNDA:6,FluidLocker.getStakedBalance
DA:314,6
FN:318,FluidLocker.getAvailableBalance
FNDA:10,FluidLocker.getAvailableBalance
DA:319,2620
FN:323,FluidLocker.getFontaineBeaconImplementation
FNDA:1,FluidLocker.getFontaineBeaconImplementation
DA:324,1
FN:333,FluidLocker._instantUnlock
FNDA:2,FluidLocker._instantUnlock
DA:335,2
DA:338,2
DA:341,2
DA:343,2
FN:346,FluidLocker._vestUnlock
FNDA:520,FluidLocker._vestUnlock
DA:348,520
DA:352,520
DA:357,520
DA:360,520
DA:361,520
DA:364,520
DA:366,520
FN:369,FluidLocker._calculateVestUnlockFlowRates
FNDA:520,FluidLocker._calculateVestUnlockFlowRates
DA:374,520
DA:376,520
DA:378,520
FN:381,FluidLocker._getUnlockingPercentage
FNDA:520,FluidLocker._getUnlockingPercentage
DA:382,520
FN:400,FluidLocker.onlyLockerOwner
FNDA:3,FluidLocker.onlyLockerOwner
DA:401,3
BRDA:401,10,0,-
FN:408,FluidLocker.unlockAvailable
FNDA:3,FluidLocker.unlockAvailable
DA:409,3
BRDA:409,11,0,-
FNF:21
FNH:21
LF:75
LH:75
BRF:13
BRH:11
end_of_record
TN:
SF:src/FluidLockerFactory.sol
FN:61,FluidLockerFactory.
FNDA:43,FluidLockerFactory.
DA:63,43
DA:66,43
DA:69,43
DA:72,43
FN:79,FluidLockerFactory.initialize
FNDA:43,FluidLockerFactory.initialize
DA:81,43
FN:91,FluidLockerFactory.createLockerContract
FNDA:842,FluidLockerFactory.createLockerContract
DA:92,842
FN:96,FluidLockerFactory.upgradeTo
FNDA:0,FluidLockerFactory.upgradeTo
DA:97,0
FN:101,FluidLockerFactory.setGovernor
FNDA:520,FluidLockerFactory.setGovernor
DA:102,260
DA:103,260
FN:113,FluidLockerFactory.getUserLocker
FNDA:520,FluidLockerFactory.getUserLocker
DA:114,520
DA:115,520
FN:119,FluidLockerFactory.getLockerAddress
FNDA:6122,FluidLockerFactory.getLockerAddress
DA:120,6642
FN:124,FluidLockerFactory.getLockerBeaconImplementation
FNDA:1,FluidLockerFactory.getLockerBeaconImplementation
DA:125,1
FN:138,FluidLockerFactory._createLockerContract
FNDA:842,FluidLockerFactory._createLockerContract
DA:139,842
DA:142,582
DA:145,582
DA:148,582
DA:150,582
FN:162,FluidLockerFactory.onlyGovernor
FNDA:0,FluidLockerFactory.onlyGovernor
DA:163,0
BRDA:163,0,0,-
FN:170,FluidLockerFactory.notPaused
FNDA:842,FluidLockerFactory.notPaused
DA:171,0
BRDA:171,1,0,-
FNF:11
FNH:9
LF:20
LH:17
BRF:2
BRH:0
end_of_record
TN:
SF:src/FluidToken.sol
FN:7,FluidToken.
FNDA:0,FluidToken.
FNF:1
FNH:0
LF:0
LH:0
BRF:0
BRH:0
end_of_record
TN:
SF:src/Fontaine.sol
FN:51,Fontaine.
FNDA:43,Fontaine.
DA:53,43
DA:56,43
DA:57,43
FN:61,Fontaine.initialize
FNDA:520,Fontaine.initialize
DA:63,520
BRDA:63,0,0,-
DA:66,520
DA:69,520
FNF:2
FNH:2
LF:6
LH:6
BRF:1
BRH:0
end_of_record
TN:
SF:src/StakingRewardController.sol
FN:68,StakingRewardController.
FNDA:43,StakingRewardController.
DA:69,43
DA:72,43
DA:76,43
FN:86,StakingRewardController.updateStakerUnits
FNDA:2866,StakingRewardController.updateStakerUnits
DA:87,2606
DA:89,2606
FN:93,StakingRewardController.refreshSubsidyDistribution
FNDA:2340,StakingRewardController.refreshSubsidyDistribution
DA:95,2080
DA:98,2080
DA:101,2080
DA:103,2080
BRDA:103,0,0,520
DA:105,520
DA:108,2080
FN:112,StakingRewardController.setLockerFactory
FNDA:43,StakingRewardController.setLockerFactory
DA:113,43
DA:115,43
FN:119,StakingRewardController.setProgramManager
FNDA:43,StakingRewardController.setProgramManager
DA:120,43
DA:122,43
FN:126,StakingRewardController.approveLocker
FNDA:1362,StakingRewardController.approveLocker
DA:127,1102
DA:129,1102
FN:141,StakingRewardController.onlyLockerFactory
FNDA:1362,StakingRewardController.onlyLockerFactory
DA:142,1362
BRDA:142,1,0,260
FN:149,StakingRewardController.onlyProgramManager
FNDA:2340,StakingRewardController.onlyProgramManager
DA:150,2340
BRDA:150,2,0,260
FN:157,StakingRewardController.onlyApprovedLocker
FNDA:2866,StakingRewardController.onlyApprovedLocker
DA:158,2866
BRDA:158,3,0,260
FNF:9
FNH:9
LF:20
LH:20
BRF:4
BRH:4
end_of_record
TN:
SF:test/SFTest.t.sol
FN:62,SFTest.setUp
FNDA:43,SFTest.setUp
DA:64,43
DA:66,43
DA:67,43
DA:68,43
DA:70,43
DA:76,43
DA:77,215
DA:78,215
DA:79,215
DA:82,43
DA:83,43
DA:84,43
DA:85,43
DA:86,43
DA:88,43
DA:98,43
DA:100,43
DA:108,43
DA:110,43
DA:111,43
DA:112,43
DA:113,43
DA:114,43
DA:115,43
DA:116,43
DA:117,43
DA:118,43
FN:130,SFTest._helperCreateProgram
FNDA:3262,SFTest._helperCreateProgram
DA:135,3262
DA:136,3262
FN:139,SFTest._helperCreatePrograms
FNDA:16,SFTest._helperCreatePrograms
DA:143,16
DA:144,16
DA:146,16
DA:147,48
DA:150,16
FN:153,SFTest._helperGenerateSignature
FNDA:8030,SFTest._helperGenerateSignature
DA:160,8030
DA:162,8030
DA:164,8030
DA:165,8030
FN:168,SFTest._helperDistributeToProgramPool
FNDA:520,SFTest._helperDistributeToProgramPool
DA:172,520
DA:174,520
DA:176,520
DA:179,520
DA:180,520
DA:181,520
FN:184,SFTest._helperDistributeToProgramPool
FNDA:520,SFTest._helperDistributeToProgramPool
DA:189,520
DA:191,520
DA:192,1560
DA:194,1560
DA:196,1560
DA:199,1560
DA:200,1560
DA:201,1560
FN:205,SFTest._helperFundLocker
FNDA:2867,SFTest._helperFundLocker
DA:206,2867
DA:207,2867
FNF:7
FNH:7
LF:54
LH:54
BRF:0
BRH:0
end_of_record
