TN:
SF:script/Deploy.s.sol
FN:58,DeployScript.setUp
FNDA:0,DeployScript.setUp
FN:60,DeployScript.run
FNDA:0,DeployScript.run
DA:61,0
DA:62,0
DA:64,0
DA:65,0
FNF:2
FNH:0
LF:4
LH:0
BRF:0
BRH:0
end_of_record
TN:
SF:script/DeployMockToken.s.sol
FN:19,DeployScript.run
FNDA:0,DeployScript.run
DA:20,0
DA:21,0
DA:23,0
DA:25,0
DA:27,0
DA:28,0
DA:29,0
DA:31,0
FNF:1
FNH:0
LF:8
LH:0
BRF:0
BRH:0
end_of_record
TN:
SF:script/utils/CreateProgram.s.sol
FN:15,CreateProgram.setUp
FNDA:0,CreateProgram.setUp
FN:17,CreateProgram.run
FNDA:0,CreateProgram.run
DA:18,0
DA:19,0
DA:21,0
DA:22,0
DA:23,0
DA:24,0
DA:26,0
FNF:2
FNH:0
LF:7
LH:0
BRF:0
BRH:0
end_of_record
TN:
SF:src/EPProgramManager.sol
FN:45,EPProgramManager.createProgram
FNDA:2618,EPProgramManager.createProgram
DA:50,2618
BRDA:50,0,0,261
DA:51,261
DA:55,2357
DA:59,2357
DA:62,2357
FN:68,EPProgramManager.updateProgramSigner
FNDA:522,EPProgramManager.updateProgramSigner
DA:70,522
BRDA:70,1,0,261
DA:71,261
DA:75,261
FN:81,EPProgramManager.updateUnits
FNDA:1036,EPProgramManager.updateUnits
DA:82,1036
FN:86,EPProgramManager.updateUnits
FNDA:1038,EPProgramManager.updateUnits
DA:92,1038
DA:94,1038
BRDA:94,2,0,777
DA:95,777
DA:98,261
DA:99,1058
FN:104,EPProgramManager.updateUserUnits
FNDA:0,EPProgramManager.updateUserUnits
DA:111,2094
DA:113,2094
BRDA:113,3,0,259
DA:114,259
DA:117,1835
DA:119,1835
BRDA:119,4,0,259
DA:120,259
DA:123,1317
FN:135,EPProgramManager.getProgramPool
FNDA:261,EPProgramManager.getProgramPool
DA:136,261
FN:140,EPProgramManager.getNextValidNonce
FNDA:2094,EPProgramManager.getNextValidNonce
DA:141,2094
FN:150,EPProgramManager._isNonceValid
FNDA:2094,EPProgramManager._isNonceValid
DA:151,2094
FN:154,EPProgramManager._verifySignature
FNDA:1835,EPProgramManager._verifySignature
DA:162,1835
BRDA:162,5,0,259
DA:163,259
DA:166,1576
DA:171,1576
DA:173,1576
FN:176,EPProgramManager._splitSignature
FNDA:1576,EPProgramManager._splitSignature
DA:179,1576
DA:181,1576
DA:183,1576
FNF:10
FNH:9
LF:32
LH:32
BRF:6
BRH:6
end_of_record
TN:
SF:src/FluidLocker.sol
FN:101,FluidLocker.
FNDA:10,FluidLocker.
DA:103,10
DA:106,10
DA:107,10
DA:108,10
FN:116,FluidLocker.initialize
FNDA:261,FluidLocker.initialize
DA:118,261
DA:121,261
FN:131,FluidLocker.claim
FNDA:0,FluidLocker.claim
DA:133,0
DA:135,0
BRDA:135,0,0,-
DA:137,0
DA:140,0
FN:144,FluidLocker.claim
FNDA:0,FluidLocker.claim
DA:150,0
DA:152,0
DA:154,0
BRDA:154,1,0,-
DA:156,0
DA:160,0
FN:164,FluidLocker.lock
FNDA:0,FluidLocker.lock
DA:166,0
FN:172,FluidLocker.drain
FNDA:0,FluidLocker.drain
DA:174,0
BRDA:174,2,0,-
DA:175,0
DA:179,0
DA:182,0
BRDA:182,3,0,-
DA:184,0
BRDA:184,4,0,-
BRDA:184,4,1,-
DA:185,0
DA:187,0
FN:194,FluidLocker.stake
FNDA:0,FluidLocker.stake
DA:195,0
DA:197,0
BRDA:197,5,0,-
DA:199,0
BRDA:199,6,0,-
DA:201,0
DA:205,0
DA:208,0
DA:211,0
FN:217,FluidLocker.unstake
FNDA:0,FluidLocker.unstake
DA:218,0
BRDA:218,7,0,-
DA:219,0
DA:223,0
BRDA:223,8,0,-
DA:226,0
DA:229,0
DA:232,0
FN:238,FluidLocker.transferLocker
FNDA:0,FluidLocker.transferLocker
DA:239,0
BRDA:239,9,0,-
DA:240,0
FN:252,FluidLocker.getFlowRatePerProgram
FNDA:0,FluidLocker.getFlowRatePerProgram
DA:254,0
DA:257,0
FN:261,FluidLocker.getFlowRatePerProgram
FNDA:0,FluidLocker.getFlowRatePerProgram
DA:262,0
DA:264,0
DA:266,0
DA:269,0
FN:274,FluidLocker.getUnitsPerProgram
FNDA:0,FluidLocker.getUnitsPerProgram
DA:276,0
DA:279,0
FN:283,FluidLocker.getUnitsPerProgram
FNDA:0,FluidLocker.getUnitsPerProgram
DA:284,0
DA:286,0
DA:288,0
DA:291,0
FN:296,FluidLocker.getStakedBalance
FNDA:0,FluidLocker.getStakedBalance
DA:297,0
FN:301,FluidLocker.getAvailableBalance
FNDA:0,FluidLocker.getAvailableBalance
DA:302,0
FN:311,FluidLocker._instantDrain
FNDA:0,FluidLocker._instantDrain
DA:313,0
DA:316,0
DA:319,0
FN:322,FluidLocker._vestDrain
FNDA:0,FluidLocker._vestDrain
DA:324,0
DA:327,0
DA:330,0
FN:333,FluidLocker._calculateVestDrainFlowRates
FNDA:0,FluidLocker._calculateVestDrainFlowRates
DA:338,0
DA:339,0
DA:341,0
DA:342,0
FN:345,FluidLocker._getDrainPercentage
FNDA:0,FluidLocker._getDrainPercentage
DA:346,0
FN:364,FluidLocker.onlyOwner
FNDA:0,FluidLocker.onlyOwner
DA:365,0
BRDA:365,10,0,-
FNF:20
FNH:2
LF:64
LH:6
BRF:12
BRH:0
end_of_record
TN:
SF:src/FluidLockerFactory.sol
FN:51,FluidLockerFactory.
FNDA:10,FluidLockerFactory.
DA:53,10
DA:56,10
DA:59,10
DA:62,10
DA:65,10
FN:75,FluidLockerFactory.createLockerContract
FNDA:261,FluidLockerFactory.createLockerContract
DA:76,261
FN:80,FluidLockerFactory.createLockerContract
FNDA:0,FluidLockerFactory.createLockerContract
DA:82,261
DA:86,261
DA:89,261
DA:92,261
DA:95,261
DA:98,261
FN:110,FluidLockerFactory.isLockerCreated
FNDA:522,FluidLockerFactory.isLockerCreated
DA:111,522
FN:115,FluidLockerFactory.getLockerAddress
FNDA:261,FluidLockerFactory.getLockerAddress
DA:116,261
FN:135,FluidLockerFactory.getLockerBeaconImplementation
FNDA:1,FluidLockerFactory.getLockerBeaconImplementation
DA:136,1
FN:140,FluidLockerFactory.getFontaineBeaconImplementation
FNDA:1,FluidLockerFactory.getFontaineBeaconImplementation
DA:141,1
FNF:7
FNH:6
LF:16
LH:16
BRF:0
BRH:0
end_of_record
TN:
SF:src/FluidToken.sol
FN:7,FluidToken.
FNDA:0,FluidToken.
FNF:1
FNH:0
LF:0
LH:0
BRF:0
BRH:0
end_of_record
TN:
SF:src/Fontaine.sol
FN:54,Fontaine.
FNDA:10,Fontaine.
DA:56,10
DA:59,10
DA:60,10
FN:67,Fontaine.initialize
FNDA:261,Fontaine.initialize
DA:68,261
FN:78,Fontaine.processDrain
FNDA:0,Fontaine.processDrain
DA:83,0
BRDA:83,0,0,-
DA:84,0
DA:88,0
DA:91,0
FN:95,Fontaine.cancelDrain
FNDA:0,Fontaine.cancelDrain
DA:97,0
BRDA:97,1,0,-
DA:98,0
DA:101,0
DA:102,0
DA:105,0
FN:117,Fontaine.onlyConnectedLocker
FNDA:0,Fontaine.onlyConnectedLocker
DA:118,0
BRDA:118,2,0,-
FNF:5
FNH:2
LF:14
LH:4
BRF:3
BRH:0
end_of_record
TN:
SF:src/PenaltyManager.sol
FN:60,PenaltyManager.
FNDA:10,PenaltyManager.
DA:61,10
DA:64,10
DA:68,10
FN:78,PenaltyManager.updateStakerUnits
FNDA:0,PenaltyManager.updateStakerUnits
DA:79,0
BRDA:79,0,0,-
DA:82,0
FN:86,PenaltyManager.updateLiquidityProvidersUnits
FNDA:0,PenaltyManager.updateLiquidityProvidersUnits
DA:87,0
BRDA:87,1,0,-
DA:90,0
FN:94,PenaltyManager.setLockerFactory
FNDA:10,PenaltyManager.setLockerFactory
DA:95,10
FN:99,PenaltyManager.approveLocker
FNDA:261,PenaltyManager.approveLocker
DA:100,261
FN:112,PenaltyManager.onlyLockerFactory
FNDA:261,PenaltyManager.onlyLockerFactory
DA:113,261
BRDA:113,2,0,-
FNF:6
FNH:4
LF:10
LH:6
BRF:3
BRH:0
end_of_record
TN:
SF:test/SFTest.t.sol
FN:47,SFTest.setUp
FNDA:10,SFTest.setUp
DA:49,10
DA:51,10
DA:52,10
DA:53,10
DA:55,10
DA:61,10
DA:62,50
DA:63,50
DA:64,50
DA:67,10
DA:68,10
DA:69,10
DA:70,10
DA:71,10
DA:74,10
DA:76,10
DA:82,10
DA:84,10
DA:85,10
DA:86,10
DA:87,10
DA:88,10
DA:90,10
FN:95,SFTest._helperCreateProgram
FNDA:1835,SFTest._helperCreateProgram
DA:96,1835
FNF:2
FNH:2
LF:24
LH:24
BRF:0
BRH:0
end_of_record
